1/24/2020 10:47:15 AM	This log contains information about the import schema operation into project 'Database1' on computer 'WMD' by user 'Dong'.
1/24/2020 10:47:15 AM	Import of database schema has started.
1/24/2020 10:47:30 AM	Gathering database credentials
1/24/2020 10:47:30 AM	Gathering database options
1/24/2020 10:47:30 AM	Gathering generic database scoped configuration option
1/24/2020 10:47:30 AM	Gathering users
1/24/2020 10:47:30 AM	Gathering roles
1/24/2020 10:47:30 AM	Gathering application roles
1/24/2020 10:47:30 AM	Gathering role memberships
1/24/2020 10:47:30 AM	Gathering filegroups
1/24/2020 10:47:31 AM	Gathering full-text catalogs
1/24/2020 10:47:31 AM	Gathering assemblies
1/24/2020 10:47:31 AM	Gathering certificates
1/24/2020 10:47:31 AM	Gathering asymmetric keys
1/24/2020 10:47:31 AM	Gathering symmetric keys
1/24/2020 10:47:31 AM	Gathering encrypted symmetric keys
1/24/2020 10:47:31 AM	Gathering schemas
1/24/2020 10:47:31 AM	Gathering XML schema collections
1/24/2020 10:47:31 AM	Gathering user-defined data types
1/24/2020 10:47:31 AM	Gathering user-defined types
1/24/2020 10:47:31 AM	Gathering table types
1/24/2020 10:47:31 AM	Gathering unique keys for table types
1/24/2020 10:47:31 AM	Gathering primary keys for table types
1/24/2020 10:47:31 AM	Gathering indexes for table types
1/24/2020 10:47:31 AM	Gathering check constraints for table types
1/24/2020 10:47:31 AM	Gathering default constraints for table types
1/24/2020 10:47:31 AM	Gathering partition functions
1/24/2020 10:47:31 AM	Gathering partition schemes
1/24/2020 10:47:32 AM	Gathering functions
1/24/2020 10:47:32 AM	Gathering encrypted functions
1/24/2020 10:47:32 AM	Gathering aggregates
1/24/2020 10:47:32 AM	Gathering procedures
1/24/2020 10:47:32 AM	Gathering encrypted procedures
1/24/2020 10:47:32 AM	Gathering tables
1/24/2020 10:47:32 AM	Gathering primary keys
1/24/2020 10:47:32 AM	Gathering unique constraints
1/24/2020 10:47:32 AM	Gathering foreign keys
1/24/2020 10:47:32 AM	Gathering default constraints
1/24/2020 10:47:32 AM	Gathering check constraints
1/24/2020 10:47:32 AM	Gathering views
1/24/2020 10:47:32 AM	Gathering encrypted views
1/24/2020 10:47:33 AM	Gathering indexes
1/24/2020 10:47:33 AM	Gathering statistics
1/24/2020 10:47:33 AM	Gathering full-text index stoplists
1/24/2020 10:47:33 AM	Gathering search property lists
1/24/2020 10:47:33 AM	Gathering search properties
1/24/2020 10:47:33 AM	Gathering full-text indexes
1/24/2020 10:47:33 AM	Gathering column store indexes
1/24/2020 10:47:33 AM	Gathering spatial indexes
1/24/2020 10:47:33 AM	Gathering XML indexes
1/24/2020 10:47:33 AM	Gathering Selective XML indexes
1/24/2020 10:47:33 AM	Gathering encrypted triggers
1/24/2020 10:47:33 AM	Gathering triggers
1/24/2020 10:47:33 AM	Gathering encrypted and clr ddl triggers
1/24/2020 10:47:33 AM	Gathering ddl triggers
1/24/2020 10:47:33 AM	Gathering synonyms
1/24/2020 10:47:33 AM	Gathering defaults
1/24/2020 10:47:33 AM	Gathering data constraint uddt bindings
1/24/2020 10:47:33 AM	Gathering rules
1/24/2020 10:47:33 AM	Gathering data constraint uddt bindings
1/24/2020 10:47:33 AM	Gathering message types
1/24/2020 10:47:33 AM	Gathering queues
1/24/2020 10:47:33 AM	Gathering contracts
1/24/2020 10:47:33 AM	Gathering services
1/24/2020 10:47:33 AM	Gathering event notifications
1/24/2020 10:47:33 AM	Gathering remote service bindings
1/24/2020 10:47:33 AM	Gathering broker priorities
1/24/2020 10:47:33 AM	Gathering signatures
1/24/2020 10:47:33 AM	Gathering data compression options
1/24/2020 10:47:33 AM	Gathering sequence types
1/24/2020 10:47:33 AM	Gathering security policies
1/24/2020 10:47:33 AM	Gather column encryption keys
1/24/2020 10:47:33 AM	Gathering column master keys
1/24/2020 10:47:33 AM	Gathering external data sources
1/24/2020 10:47:33 AM	Gathering external file formats
1/24/2020 10:47:33 AM	Gathering external tables
1/24/2020 10:47:33 AM	Gathering extended properties
1/24/2020 10:47:34 AM	Gathering credentials
1/24/2020 10:47:34 AM	Gathering logins
1/24/2020 10:47:34 AM	Gathering server audits
1/24/2020 10:47:38 AM	Scanning project for duplicate elements
1/24/2020 10:47:38 AM	Finished duplicate element processing
1/24/2020 10:47:39 AM	Finished importing database.
1/24/2020 10:47:39 AM	A summary of the import was saved to the following location: C:\Users\Dong.WMD\source\repos\okaushal\ItlizeGroupProject\Database1\Import Schema Logs\Database1_20200124034715.log
1/24/2020 10:47:40 AM	Click Finish to continue...
